<?xml version="1.0" encoding="UTF-8"?>
<testsuite xmlns:xsi="http://www.w3.org/2001/XMLSchema-instance" xsi:noNamespaceSchemaLocation="https://maven.apache.org/surefire/maven-surefire-plugin/xsd/surefire-test-report-3.0.xsd" version="3.0" name="org.joda.time.tz.TestCompiler" time="0.002" tests="10" errors="0" skipped="0" failures="0">
  <properties>
[...]
</properties>
  <testcase name="test_2400_fromDay" classname="org.joda.time.tz.TestCompiler" time="0"/>
  <testcase name="testCompileOnBrokenTimeZoneFile_2" classname="org.joda.time.tz.TestCompiler" time="0"/>
  <testcase name="testCompileOnBrokenTimeZoneFile" classname="org.joda.time.tz.TestCompiler" time="0"/>
  <testcase name="test_Amman_2003" classname="org.joda.time.tz.TestCompiler" time="0"/>
  <testcase name="test_Amman_2004" classname="org.joda.time.tz.TestCompiler" time="0"/>
  <testcase name="test_Amman_2005" classname="org.joda.time.tz.TestCompiler" time="0"/>
  <testcase name="test_Amman_2006" classname="org.joda.time.tz.TestCompiler" time="0"/>
  <testcase name="test_2400_specific_day" classname="org.joda.time.tz.TestCompiler" time="0"/>
  <testcase name="test_Tokyo_1949" classname="org.joda.time.tz.TestCompiler" time="0"/>
  <testcase name="test_2400_last" classname="org.joda.time.tz.TestCompiler" time="0"/>
</testsuite>